2017-10-16 19:06:01.060  INFO 20824 --- [main] cn.mageek.quiz.QuizApplication           : Starting QuizApplication on Qiukang with PID 20824 (F:\workspace\java\quiz\target\classes started by Administrator in F:\workspace\java\quiz)
2017-10-16 19:06:01.062 DEBUG 20824 --- [main] cn.mageek.quiz.QuizApplication           : Running with Spring Boot v1.5.7.RELEASE, Spring v4.3.11.RELEASE
2017-10-16 19:06:01.063  INFO 20824 --- [main] cn.mageek.quiz.QuizApplication           : The following profiles are active: dev
2017-10-16 19:06:01.226  INFO 20824 --- [main] ationConfigEmbeddedWebApplicationContext : Refreshing org.springframework.boot.context.embedded.AnnotationConfigEmbeddedWebApplicationContext@13acb0d1: startup date [Mon Oct 16 19:06:01 CST 2017]; root of context hierarchy
2017-10-16 19:06:01.301  WARN 20824 --- [main] ationConfigEmbeddedWebApplicationContext : Exception encountered during context initialization - cancelling refresh attempt: org.springframework.beans.factory.BeanDefinitionStoreException: Failed to parse configuration class [cn.mageek.quiz.QuizApplication]; nested exception is org.springframework.context.annotation.ConflictingBeanDefinitionException: Annotation-specified bean name 'indexController' for bean class [cn.mageek.quiz.controller.home.IndexController] conflicts with existing, non-compatible bean definition of same name and class [cn.mageek.quiz.controller.admin.IndexController]
2017-10-16 19:06:01.303 ERROR 20824 --- [main] o.s.b.f.s.DefaultListableBeanFactory     : Destroy method on bean with name 'org.springframework.boot.autoconfigure.internalCachingMetadataReaderFactory' threw an exception

java.lang.IllegalStateException: ApplicationEventMulticaster not initialized - call 'refresh' before multicasting events via the context: org.springframework.boot.context.embedded.AnnotationConfigEmbeddedWebApplicationContext@13acb0d1: startup date [Mon Oct 16 19:06:01 CST 2017]; root of context hierarchy
	at org.springframework.context.support.AbstractApplicationContext.getApplicationEventMulticaster(AbstractApplicationContext.java:414) [spring-context-4.3.11.RELEASE.jar:4.3.11.RELEASE]
	at org.springframework.context.support.ApplicationListenerDetector.postProcessBeforeDestruction(ApplicationListenerDetector.java:97) ~[spring-context-4.3.11.RELEASE.jar:4.3.11.RELEASE]
	at org.springframework.beans.factory.support.DisposableBeanAdapter.destroy(DisposableBeanAdapter.java:253) ~[spring-beans-4.3.11.RELEASE.jar:4.3.11.RELEASE]
	at org.springframework.beans.factory.support.DefaultSingletonBeanRegistry.destroyBean(DefaultSingletonBeanRegistry.java:578) [spring-beans-4.3.11.RELEASE.jar:4.3.11.RELEASE]
	at org.springframework.beans.factory.support.DefaultSingletonBeanRegistry.destroySingleton(DefaultSingletonBeanRegistry.java:554) [spring-beans-4.3.11.RELEASE.jar:4.3.11.RELEASE]
	at org.springframework.beans.factory.support.DefaultListableBeanFactory.destroySingleton(DefaultListableBeanFactory.java:961) [spring-beans-4.3.11.RELEASE.jar:4.3.11.RELEASE]
	at org.springframework.beans.factory.support.DefaultSingletonBeanRegistry.destroySingletons(DefaultSingletonBeanRegistry.java:523) [spring-beans-4.3.11.RELEASE.jar:4.3.11.RELEASE]
	at org.springframework.beans.factory.support.FactoryBeanRegistrySupport.destroySingletons(FactoryBeanRegistrySupport.java:230) [spring-beans-4.3.11.RELEASE.jar:4.3.11.RELEASE]
	at org.springframework.beans.factory.support.DefaultListableBeanFactory.destroySingletons(DefaultListableBeanFactory.java:968) [spring-beans-4.3.11.RELEASE.jar:4.3.11.RELEASE]
	at org.springframework.context.support.AbstractApplicationContext.destroyBeans(AbstractApplicationContext.java:1030) [spring-context-4.3.11.RELEASE.jar:4.3.11.RELEASE]
	at org.springframework.context.support.AbstractApplicationContext.refresh(AbstractApplicationContext.java:556) [spring-context-4.3.11.RELEASE.jar:4.3.11.RELEASE]
	at org.springframework.boot.context.embedded.EmbeddedWebApplicationContext.refresh(EmbeddedWebApplicationContext.java:122) [spring-boot-1.5.7.RELEASE.jar:1.5.7.RELEASE]
	at org.springframework.boot.SpringApplication.refresh(SpringApplication.java:693) [spring-boot-1.5.7.RELEASE.jar:1.5.7.RELEASE]
	at org.springframework.boot.SpringApplication.refreshContext(SpringApplication.java:360) [spring-boot-1.5.7.RELEASE.jar:1.5.7.RELEASE]
	at org.springframework.boot.SpringApplication.run(SpringApplication.java:303) [spring-boot-1.5.7.RELEASE.jar:1.5.7.RELEASE]
	at org.springframework.boot.SpringApplication.run(SpringApplication.java:1118) [spring-boot-1.5.7.RELEASE.jar:1.5.7.RELEASE]
	at org.springframework.boot.SpringApplication.run(SpringApplication.java:1107) [spring-boot-1.5.7.RELEASE.jar:1.5.7.RELEASE]
	at cn.mageek.quiz.QuizApplication.main(QuizApplication.java:20) [classes/:na]

2017-10-16 19:06:01.311 ERROR 20824 --- [main] o.s.boot.SpringApplication               : Application startup failed

org.springframework.beans.factory.BeanDefinitionStoreException: Failed to parse configuration class [cn.mageek.quiz.QuizApplication]; nested exception is org.springframework.context.annotation.ConflictingBeanDefinitionException: Annotation-specified bean name 'indexController' for bean class [cn.mageek.quiz.controller.home.IndexController] conflicts with existing, non-compatible bean definition of same name and class [cn.mageek.quiz.controller.admin.IndexController]
	at org.springframework.context.annotation.ConfigurationClassParser.parse(ConfigurationClassParser.java:181) ~[spring-context-4.3.11.RELEASE.jar:4.3.11.RELEASE]
	at org.springframework.context.annotation.ConfigurationClassPostProcessor.processConfigBeanDefinitions(ConfigurationClassPostProcessor.java:308) ~[spring-context-4.3.11.RELEASE.jar:4.3.11.RELEASE]
	at org.springframework.context.annotation.ConfigurationClassPostProcessor.postProcessBeanDefinitionRegistry(ConfigurationClassPostProcessor.java:228) ~[spring-context-4.3.11.RELEASE.jar:4.3.11.RELEASE]
	at org.springframework.context.support.PostProcessorRegistrationDelegate.invokeBeanDefinitionRegistryPostProcessors(PostProcessorRegistrationDelegate.java:270) ~[spring-context-4.3.11.RELEASE.jar:4.3.11.RELEASE]
	at org.springframework.context.support.PostProcessorRegistrationDelegate.invokeBeanFactoryPostProcessors(PostProcessorRegistrationDelegate.java:93) ~[spring-context-4.3.11.RELEASE.jar:4.3.11.RELEASE]
	at org.springframework.context.support.AbstractApplicationContext.invokeBeanFactoryPostProcessors(AbstractApplicationContext.java:687) ~[spring-context-4.3.11.RELEASE.jar:4.3.11.RELEASE]
	at org.springframework.context.support.AbstractApplicationContext.refresh(AbstractApplicationContext.java:525) ~[spring-context-4.3.11.RELEASE.jar:4.3.11.RELEASE]
	at org.springframework.boot.context.embedded.EmbeddedWebApplicationContext.refresh(EmbeddedWebApplicationContext.java:122) ~[spring-boot-1.5.7.RELEASE.jar:1.5.7.RELEASE]
	at org.springframework.boot.SpringApplication.refresh(SpringApplication.java:693) [spring-boot-1.5.7.RELEASE.jar:1.5.7.RELEASE]
	at org.springframework.boot.SpringApplication.refreshContext(SpringApplication.java:360) [spring-boot-1.5.7.RELEASE.jar:1.5.7.RELEASE]
	at org.springframework.boot.SpringApplication.run(SpringApplication.java:303) [spring-boot-1.5.7.RELEASE.jar:1.5.7.RELEASE]
	at org.springframework.boot.SpringApplication.run(SpringApplication.java:1118) [spring-boot-1.5.7.RELEASE.jar:1.5.7.RELEASE]
	at org.springframework.boot.SpringApplication.run(SpringApplication.java:1107) [spring-boot-1.5.7.RELEASE.jar:1.5.7.RELEASE]
	at cn.mageek.quiz.QuizApplication.main(QuizApplication.java:20) [classes/:na]
Caused by: org.springframework.context.annotation.ConflictingBeanDefinitionException: Annotation-specified bean name 'indexController' for bean class [cn.mageek.quiz.controller.home.IndexController] conflicts with existing, non-compatible bean definition of same name and class [cn.mageek.quiz.controller.admin.IndexController]
	at org.springframework.context.annotation.ClassPathBeanDefinitionScanner.checkCandidate(ClassPathBeanDefinitionScanner.java:345) ~[spring-context-4.3.11.RELEASE.jar:4.3.11.RELEASE]
	at org.springframework.context.annotation.ClassPathBeanDefinitionScanner.doScan(ClassPathBeanDefinitionScanner.java:283) ~[spring-context-4.3.11.RELEASE.jar:4.3.11.RELEASE]
	at org.springframework.context.annotation.ComponentScanAnnotationParser.parse(ComponentScanAnnotationParser.java:135) ~[spring-context-4.3.11.RELEASE.jar:4.3.11.RELEASE]
	at org.springframework.context.annotation.ConfigurationClassParser.doProcessConfigurationClass(ConfigurationClassParser.java:287) ~[spring-context-4.3.11.RELEASE.jar:4.3.11.RELEASE]
	at org.springframework.context.annotation.ConfigurationClassParser.processConfigurationClass(ConfigurationClassParser.java:245) ~[spring-context-4.3.11.RELEASE.jar:4.3.11.RELEASE]
	at org.springframework.context.annotation.ConfigurationClassParser.parse(ConfigurationClassParser.java:198) ~[spring-context-4.3.11.RELEASE.jar:4.3.11.RELEASE]
	at org.springframework.context.annotation.ConfigurationClassParser.parse(ConfigurationClassParser.java:167) ~[spring-context-4.3.11.RELEASE.jar:4.3.11.RELEASE]
	... 13 common frames omitted

2017-10-16 19:08:39.482  INFO 27244 --- [main] cn.mageek.quiz.QuizApplication           : Starting QuizApplication on Qiukang with PID 27244 (F:\workspace\java\quiz\target\classes started by Administrator in F:\workspace\java\quiz)
2017-10-16 19:08:39.485 DEBUG 27244 --- [main] cn.mageek.quiz.QuizApplication           : Running with Spring Boot v1.5.7.RELEASE, Spring v4.3.11.RELEASE
2017-10-16 19:08:39.485  INFO 27244 --- [main] cn.mageek.quiz.QuizApplication           : The following profiles are active: dev
2017-10-16 19:08:39.651  INFO 27244 --- [main] ationConfigEmbeddedWebApplicationContext : Refreshing org.springframework.boot.context.embedded.AnnotationConfigEmbeddedWebApplicationContext@13acb0d1: startup date [Mon Oct 16 19:08:39 CST 2017]; root of context hierarchy
2017-10-16 19:08:40.201  INFO 27244 --- [main] .s.d.r.c.RepositoryConfigurationDelegate : Multiple Spring Data modules found, entering strict repository configuration mode!
2017-10-16 19:08:40.222  INFO 27244 --- [main] .s.d.r.c.RepositoryConfigurationDelegate : Multiple Spring Data modules found, entering strict repository configuration mode!
2017-10-16 19:08:40.228  INFO 27244 --- [main] .RepositoryConfigurationExtensionSupport : Spring Data MongoDB - Could not safely identify store assignment for repository candidate interface cn.mageek.quiz.repository.PersonRepository.
2017-10-16 19:08:40.235  INFO 27244 --- [main] .s.d.r.c.RepositoryConfigurationDelegate : Multiple Spring Data modules found, entering strict repository configuration mode!
2017-10-16 19:08:40.245  INFO 27244 --- [main] .RepositoryConfigurationExtensionSupport : Spring Data Redis - Could not safely identify store assignment for repository candidate interface cn.mageek.quiz.repository.PersonRepository.
2017-10-16 19:08:40.506  INFO 27244 --- [main] trationDelegate$BeanPostProcessorChecker : Bean 'org.springframework.ws.config.annotation.DelegatingWsConfiguration' of type [org.springframework.ws.config.annotation.DelegatingWsConfiguration$$EnhancerBySpringCGLIB$$c3da83b3] is not eligible for getting processed by all BeanPostProcessors (for example: not eligible for auto-proxying)
2017-10-16 19:08:40.532  INFO 27244 --- [main] .w.s.a.s.AnnotationActionEndpointMapping : Supporting [WS-Addressing August 2004, WS-Addressing 1.0]
2017-10-16 19:08:40.815  INFO 27244 --- [main] s.b.c.e.t.TomcatEmbeddedServletContainer : Tomcat initialized with port(s): 8080 (http)
2017-10-16 19:08:40.822  INFO 27244 --- [main] o.apache.catalina.core.StandardService   : Starting service [Tomcat]
2017-10-16 19:08:40.822  INFO 27244 --- [main] org.apache.catalina.core.StandardEngine  : Starting Servlet Engine: Apache Tomcat/8.5.20
2017-10-16 19:08:40.893  INFO 27244 --- [localhost-startStop-1] o.a.c.c.C.[Tomcat].[localhost].[/]       : Initializing Spring embedded WebApplicationContext
2017-10-16 19:08:40.893  INFO 27244 --- [localhost-startStop-1] o.s.web.context.ContextLoader            : Root WebApplicationContext: initialization completed in 1245 ms
2017-10-16 19:08:41.043  INFO 27244 --- [localhost-startStop-1] o.s.b.w.servlet.FilterRegistrationBean   : Mapping filter: 'characterEncodingFilter' to: [/*]
2017-10-16 19:08:41.044  INFO 27244 --- [localhost-startStop-1] o.s.b.w.servlet.FilterRegistrationBean   : Mapping filter: 'hiddenHttpMethodFilter' to: [/*]
2017-10-16 19:08:41.044  INFO 27244 --- [localhost-startStop-1] o.s.b.w.servlet.FilterRegistrationBean   : Mapping filter: 'httpPutFormContentFilter' to: [/*]
2017-10-16 19:08:41.044  INFO 27244 --- [localhost-startStop-1] o.s.b.w.servlet.FilterRegistrationBean   : Mapping filter: 'requestContextFilter' to: [/*]
2017-10-16 19:08:41.044  INFO 27244 --- [localhost-startStop-1] .s.DelegatingFilterProxyRegistrationBean : Mapping filter: 'springSecurityFilterChain' to: [/*]
2017-10-16 19:08:41.045  INFO 27244 --- [localhost-startStop-1] o.s.b.w.servlet.ServletRegistrationBean  : Mapping servlet: 'dispatcherServlet' to [/]
2017-10-16 19:08:41.045  INFO 27244 --- [localhost-startStop-1] o.s.b.w.servlet.ServletRegistrationBean  : Mapping servlet: 'messageDispatcherServlet' to [/services/*]
2017-10-16 19:08:43.524  INFO 27244 --- [main] j.LocalContainerEntityManagerFactoryBean : Building JPA container EntityManagerFactory for persistence unit 'default'
2017-10-16 19:08:43.532  INFO 27244 --- [main] o.hibernate.jpa.internal.util.LogHelper  : HHH000204: Processing PersistenceUnitInfo [
	name: default
	...]
2017-10-16 19:08:43.572  INFO 27244 --- [main] org.hibernate.Version                    : HHH000412: Hibernate Core {5.0.12.Final}
2017-10-16 19:08:43.573  INFO 27244 --- [main] org.hibernate.cfg.Environment            : HHH000206: hibernate.properties not found
2017-10-16 19:08:43.574  INFO 27244 --- [main] org.hibernate.cfg.Environment            : HHH000021: Bytecode provider name : javassist
2017-10-16 19:08:43.600  INFO 27244 --- [main] o.hibernate.annotations.common.Version   : HCANN000001: Hibernate Commons Annotations {5.0.1.Final}
2017-10-16 19:08:43.794  INFO 27244 --- [main] org.hibernate.dialect.Dialect            : HHH000400: Using dialect: org.hibernate.dialect.MySQL5Dialect
2017-10-16 19:08:44.017  INFO 27244 --- [main] org.hibernate.tool.hbm2ddl.SchemaUpdate  : HHH000228: Running hbm2ddl schema update
2017-10-16 19:08:44.415  INFO 27244 --- [main] j.LocalContainerEntityManagerFactoryBean : Initialized JPA EntityManagerFactory for persistence unit 'default'
2017-10-16 19:08:44.549  INFO 27244 --- [main] o.h.h.i.QueryTranslatorFactoryInitiator  : HHH000397: Using ASTQueryTranslatorFactory
2017-10-16 19:08:44.837  INFO 27244 --- [main] s.w.s.m.m.a.RequestMappingHandlerAdapter : Looking for @ControllerAdvice: org.springframework.boot.context.embedded.AnnotationConfigEmbeddedWebApplicationContext@13acb0d1: startup date [Mon Oct 16 19:08:39 CST 2017]; root of context hierarchy
2017-10-16 19:08:44.881  INFO 27244 --- [main] s.w.s.m.m.a.RequestMappingHandlerMapping : Mapped "{[/admin/person/{address}]}" onto public java.util.List<cn.mageek.quiz.entity.Person> cn.mageek.quiz.controller.admin.IndexAdminController.getPersonByAddress(java.lang.String)
2017-10-16 19:08:44.882  INFO 27244 --- [main] s.w.s.m.m.a.RequestMappingHandlerMapping : Mapped "{[/admin/]}" onto public java.lang.String cn.mageek.quiz.controller.admin.IndexAdminController.hello(java.lang.String,org.springframework.ui.Model)
2017-10-16 19:08:44.882  INFO 27244 --- [main] s.w.s.m.m.a.RequestMappingHandlerMapping : Mapped "{[/person/{address}]}" onto public java.util.List<cn.mageek.quiz.entity.Person> cn.mageek.quiz.controller.home.IndexController.getPersonByAddress(java.lang.String)
2017-10-16 19:08:44.883  INFO 27244 --- [main] s.w.s.m.m.a.RequestMappingHandlerMapping : Mapped "{[/]}" onto public java.lang.String cn.mageek.quiz.controller.home.IndexController.hello(java.lang.String,org.springframework.ui.Model)
2017-10-16 19:08:44.884  INFO 27244 --- [main] s.w.s.m.m.a.RequestMappingHandlerMapping : Mapped "{[/error]}" onto public org.springframework.http.ResponseEntity<java.util.Map<java.lang.String, java.lang.Object>> org.springframework.boot.autoconfigure.web.BasicErrorController.error(javax.servlet.http.HttpServletRequest)
2017-10-16 19:08:44.884  INFO 27244 --- [main] s.w.s.m.m.a.RequestMappingHandlerMapping : Mapped "{[/error],produces=[text/html]}" onto public org.springframework.web.servlet.ModelAndView org.springframework.boot.autoconfigure.web.BasicErrorController.errorHtml(javax.servlet.http.HttpServletRequest,javax.servlet.http.HttpServletResponse)
2017-10-16 19:08:44.902  INFO 27244 --- [main] o.s.w.s.handler.SimpleUrlHandlerMapping  : Mapped URL path [/webjars/**] onto handler of type [class org.springframework.web.servlet.resource.ResourceHttpRequestHandler]
2017-10-16 19:08:44.902  INFO 27244 --- [main] o.s.w.s.handler.SimpleUrlHandlerMapping  : Mapped URL path [/**] onto handler of type [class org.springframework.web.servlet.resource.ResourceHttpRequestHandler]
2017-10-16 19:08:45.367  INFO 27244 --- [main] b.a.s.AuthenticationManagerConfiguration : 

Using default security password: a72a6b0e-44da-4188-ade1-d7b2c8f2a874

2017-10-16 19:08:45.395  INFO 27244 --- [main] o.s.s.web.DefaultSecurityFilterChain     : Creating filter chain: OrRequestMatcher [requestMatchers=[Ant [pattern='/css/**'], Ant [pattern='/js/**'], Ant [pattern='/images/**'], Ant [pattern='/webjars/**'], Ant [pattern='/**/favicon.ico'], Ant [pattern='/error']]], []
2017-10-16 19:08:45.430  INFO 27244 --- [main] o.s.s.web.DefaultSecurityFilterChain     : Creating filter chain: org.springframework.boot.autoconfigure.security.SpringBootWebSecurityConfiguration$ApplicationNoWebSecurityConfigurerAdapter$1@71dd4624, [org.springframework.security.web.context.request.async.WebAsyncManagerIntegrationFilter@2347b7af, org.springframework.security.web.context.SecurityContextPersistenceFilter@20b54cfe, org.springframework.security.web.header.HeaderWriterFilter@3a861417, org.springframework.security.web.csrf.CsrfFilter@38732372, org.springframework.security.web.authentication.logout.LogoutFilter@2475fba3, org.springframework.security.web.savedrequest.RequestCacheAwareFilter@5c9e8a67, org.springframework.security.web.servletapi.SecurityContextHolderAwareRequestFilter@56e5c8fb, org.springframework.security.web.authentication.AnonymousAuthenticationFilter@2864f887, org.springframework.security.web.session.SessionManagementFilter@45f9d394, org.springframework.security.web.access.ExceptionTranslationFilter@4a6a6a69]
2017-10-16 19:08:45.584  INFO 27244 --- [main] o.s.j.e.a.AnnotationMBeanExporter        : Registering beans for JMX exposure on startup
2017-10-16 19:08:45.626  INFO 27244 --- [main] s.b.c.e.t.TomcatEmbeddedServletContainer : Tomcat started on port(s): 8080 (http)
2017-10-16 19:08:45.629  INFO 27244 --- [main] cn.mageek.quiz.QuizApplication           : Started QuizApplication in 6.348 seconds (JVM running for 6.772)
2017-10-16 19:08:51.613  INFO 27244 --- [http-nio-8080-exec-1] o.a.c.c.C.[Tomcat].[localhost].[/]       : Initializing Spring FrameworkServlet 'dispatcherServlet'
2017-10-16 19:08:51.613  INFO 27244 --- [http-nio-8080-exec-1] o.s.web.servlet.DispatcherServlet        : FrameworkServlet 'dispatcherServlet': initialization started
2017-10-16 19:08:51.628  INFO 27244 --- [http-nio-8080-exec-1] o.s.web.servlet.DispatcherServlet        : FrameworkServlet 'dispatcherServlet': initialization completed in 15 ms
2017-10-16 19:09:40.257  INFO 26548 --- [main] cn.mageek.quiz.QuizApplication           : Starting QuizApplication on Qiukang with PID 26548 (F:\workspace\java\quiz\target\classes started by Administrator in F:\workspace\java\quiz)
2017-10-16 19:09:40.259 DEBUG 26548 --- [main] cn.mageek.quiz.QuizApplication           : Running with Spring Boot v1.5.7.RELEASE, Spring v4.3.11.RELEASE
2017-10-16 19:09:40.259  INFO 26548 --- [main] cn.mageek.quiz.QuizApplication           : The following profiles are active: dev
2017-10-16 19:09:40.415  INFO 26548 --- [main] ationConfigEmbeddedWebApplicationContext : Refreshing org.springframework.boot.context.embedded.AnnotationConfigEmbeddedWebApplicationContext@13acb0d1: startup date [Mon Oct 16 19:09:40 CST 2017]; root of context hierarchy
2017-10-16 19:09:40.983  INFO 26548 --- [main] .s.d.r.c.RepositoryConfigurationDelegate : Multiple Spring Data modules found, entering strict repository configuration mode!
2017-10-16 19:09:41.010  INFO 26548 --- [main] .s.d.r.c.RepositoryConfigurationDelegate : Multiple Spring Data modules found, entering strict repository configuration mode!
2017-10-16 19:09:41.015  INFO 26548 --- [main] .RepositoryConfigurationExtensionSupport : Spring Data MongoDB - Could not safely identify store assignment for repository candidate interface cn.mageek.quiz.repository.PersonRepository.
2017-10-16 19:09:41.024  INFO 26548 --- [main] .s.d.r.c.RepositoryConfigurationDelegate : Multiple Spring Data modules found, entering strict repository configuration mode!
2017-10-16 19:09:41.033  INFO 26548 --- [main] .RepositoryConfigurationExtensionSupport : Spring Data Redis - Could not safely identify store assignment for repository candidate interface cn.mageek.quiz.repository.PersonRepository.
2017-10-16 19:09:41.300  INFO 26548 --- [main] trationDelegate$BeanPostProcessorChecker : Bean 'org.springframework.ws.config.annotation.DelegatingWsConfiguration' of type [org.springframework.ws.config.annotation.DelegatingWsConfiguration$$EnhancerBySpringCGLIB$$b35711d] is not eligible for getting processed by all BeanPostProcessors (for example: not eligible for auto-proxying)
2017-10-16 19:09:41.325  INFO 26548 --- [main] .w.s.a.s.AnnotationActionEndpointMapping : Supporting [WS-Addressing August 2004, WS-Addressing 1.0]
2017-10-16 19:09:41.616  INFO 26548 --- [main] s.b.c.e.t.TomcatEmbeddedServletContainer : Tomcat initialized with port(s): 8080 (http)
2017-10-16 19:09:41.622  INFO 26548 --- [main] o.apache.catalina.core.StandardService   : Starting service [Tomcat]
2017-10-16 19:09:41.622  INFO 26548 --- [main] org.apache.catalina.core.StandardEngine  : Starting Servlet Engine: Apache Tomcat/8.5.20
2017-10-16 19:09:41.707  INFO 26548 --- [localhost-startStop-1] o.a.c.c.C.[Tomcat].[localhost].[/]       : Initializing Spring embedded WebApplicationContext
2017-10-16 19:09:41.707  INFO 26548 --- [localhost-startStop-1] o.s.web.context.ContextLoader            : Root WebApplicationContext: initialization completed in 1295 ms
2017-10-16 19:09:41.846  INFO 26548 --- [localhost-startStop-1] o.s.b.w.servlet.FilterRegistrationBean   : Mapping filter: 'characterEncodingFilter' to: [/*]
2017-10-16 19:09:41.846  INFO 26548 --- [localhost-startStop-1] o.s.b.w.servlet.FilterRegistrationBean   : Mapping filter: 'hiddenHttpMethodFilter' to: [/*]
2017-10-16 19:09:41.847  INFO 26548 --- [localhost-startStop-1] o.s.b.w.servlet.FilterRegistrationBean   : Mapping filter: 'httpPutFormContentFilter' to: [/*]
2017-10-16 19:09:41.847  INFO 26548 --- [localhost-startStop-1] o.s.b.w.servlet.FilterRegistrationBean   : Mapping filter: 'requestContextFilter' to: [/*]
2017-10-16 19:09:41.847  INFO 26548 --- [localhost-startStop-1] .s.DelegatingFilterProxyRegistrationBean : Mapping filter: 'springSecurityFilterChain' to: [/*]
2017-10-16 19:09:41.847  INFO 26548 --- [localhost-startStop-1] o.s.b.w.servlet.ServletRegistrationBean  : Mapping servlet: 'dispatcherServlet' to [/]
2017-10-16 19:09:41.848  INFO 26548 --- [localhost-startStop-1] o.s.b.w.servlet.ServletRegistrationBean  : Mapping servlet: 'messageDispatcherServlet' to [/services/*]
2017-10-16 19:09:44.363  INFO 26548 --- [main] j.LocalContainerEntityManagerFactoryBean : Building JPA container EntityManagerFactory for persistence unit 'default'
2017-10-16 19:09:44.370  INFO 26548 --- [main] o.hibernate.jpa.internal.util.LogHelper  : HHH000204: Processing PersistenceUnitInfo [
	name: default
	...]
2017-10-16 19:09:44.425  INFO 26548 --- [main] org.hibernate.Version                    : HHH000412: Hibernate Core {5.0.12.Final}
2017-10-16 19:09:44.426  INFO 26548 --- [main] org.hibernate.cfg.Environment            : HHH000206: hibernate.properties not found
2017-10-16 19:09:44.426  INFO 26548 --- [main] org.hibernate.cfg.Environment            : HHH000021: Bytecode provider name : javassist
2017-10-16 19:09:44.460  INFO 26548 --- [main] o.hibernate.annotations.common.Version   : HCANN000001: Hibernate Commons Annotations {5.0.1.Final}
2017-10-16 19:09:44.691  INFO 26548 --- [main] org.hibernate.dialect.Dialect            : HHH000400: Using dialect: org.hibernate.dialect.MySQL5Dialect
2017-10-16 19:09:44.890  INFO 26548 --- [main] org.hibernate.tool.hbm2ddl.SchemaUpdate  : HHH000228: Running hbm2ddl schema update
2017-10-16 19:09:45.376  INFO 26548 --- [main] j.LocalContainerEntityManagerFactoryBean : Initialized JPA EntityManagerFactory for persistence unit 'default'
2017-10-16 19:09:45.505  INFO 26548 --- [main] o.h.h.i.QueryTranslatorFactoryInitiator  : HHH000397: Using ASTQueryTranslatorFactory
2017-10-16 19:09:45.790  INFO 26548 --- [main] s.w.s.m.m.a.RequestMappingHandlerAdapter : Looking for @ControllerAdvice: org.springframework.boot.context.embedded.AnnotationConfigEmbeddedWebApplicationContext@13acb0d1: startup date [Mon Oct 16 19:09:40 CST 2017]; root of context hierarchy
2017-10-16 19:09:45.833  INFO 26548 --- [main] s.w.s.m.m.a.RequestMappingHandlerMapping : Mapped "{[/admin/person/{address}]}" onto public java.util.List<cn.mageek.quiz.entity.Person> cn.mageek.quiz.controller.admin.IndexAdminController.getPersonByAddress(java.lang.String)
2017-10-16 19:09:45.833  INFO 26548 --- [main] s.w.s.m.m.a.RequestMappingHandlerMapping : Mapped "{[/admin || /admin/]}" onto public java.lang.String cn.mageek.quiz.controller.admin.IndexAdminController.hello(java.lang.String,org.springframework.ui.Model)
2017-10-16 19:09:45.834  INFO 26548 --- [main] s.w.s.m.m.a.RequestMappingHandlerMapping : Mapped "{[/person/{address}]}" onto public java.util.List<cn.mageek.quiz.entity.Person> cn.mageek.quiz.controller.home.IndexController.getPersonByAddress(java.lang.String)
2017-10-16 19:09:45.834  INFO 26548 --- [main] s.w.s.m.m.a.RequestMappingHandlerMapping : Mapped "{[/]}" onto public java.lang.String cn.mageek.quiz.controller.home.IndexController.hello(java.lang.String,org.springframework.ui.Model)
2017-10-16 19:09:45.835  INFO 26548 --- [main] s.w.s.m.m.a.RequestMappingHandlerMapping : Mapped "{[/error]}" onto public org.springframework.http.ResponseEntity<java.util.Map<java.lang.String, java.lang.Object>> org.springframework.boot.autoconfigure.web.BasicErrorController.error(javax.servlet.http.HttpServletRequest)
2017-10-16 19:09:45.835  INFO 26548 --- [main] s.w.s.m.m.a.RequestMappingHandlerMapping : Mapped "{[/error],produces=[text/html]}" onto public org.springframework.web.servlet.ModelAndView org.springframework.boot.autoconfigure.web.BasicErrorController.errorHtml(javax.servlet.http.HttpServletRequest,javax.servlet.http.HttpServletResponse)
2017-10-16 19:09:45.853  INFO 26548 --- [main] o.s.w.s.handler.SimpleUrlHandlerMapping  : Mapped URL path [/webjars/**] onto handler of type [class org.springframework.web.servlet.resource.ResourceHttpRequestHandler]
2017-10-16 19:09:45.854  INFO 26548 --- [main] o.s.w.s.handler.SimpleUrlHandlerMapping  : Mapped URL path [/**] onto handler of type [class org.springframework.web.servlet.resource.ResourceHttpRequestHandler]
2017-10-16 19:09:46.316  INFO 26548 --- [main] b.a.s.AuthenticationManagerConfiguration : 

Using default security password: a8090375-5569-4022-8caf-330fa0ad8ae5

2017-10-16 19:09:46.342  INFO 26548 --- [main] o.s.s.web.DefaultSecurityFilterChain     : Creating filter chain: OrRequestMatcher [requestMatchers=[Ant [pattern='/css/**'], Ant [pattern='/js/**'], Ant [pattern='/images/**'], Ant [pattern='/webjars/**'], Ant [pattern='/**/favicon.ico'], Ant [pattern='/error']]], []
2017-10-16 19:09:46.379  INFO 26548 --- [main] o.s.s.web.DefaultSecurityFilterChain     : Creating filter chain: org.springframework.boot.autoconfigure.security.SpringBootWebSecurityConfiguration$ApplicationNoWebSecurityConfigurerAdapter$1@15586843, [org.springframework.security.web.context.request.async.WebAsyncManagerIntegrationFilter@4fbb1144, org.springframework.security.web.context.SecurityContextPersistenceFilter@4d67d5a4, org.springframework.security.web.header.HeaderWriterFilter@7185e611, org.springframework.security.web.csrf.CsrfFilter@223967ea, org.springframework.security.web.authentication.logout.LogoutFilter@351e89fc, org.springframework.security.web.savedrequest.RequestCacheAwareFilter@600bbf9e, org.springframework.security.web.servletapi.SecurityContextHolderAwareRequestFilter@41bb1f09, org.springframework.security.web.authentication.AnonymousAuthenticationFilter@e2b3026, org.springframework.security.web.session.SessionManagementFilter@c497a55, org.springframework.security.web.access.ExceptionTranslationFilter@2262f0d8]
2017-10-16 19:09:46.531  INFO 26548 --- [main] o.s.j.e.a.AnnotationMBeanExporter        : Registering beans for JMX exposure on startup
2017-10-16 19:09:46.570  INFO 26548 --- [main] s.b.c.e.t.TomcatEmbeddedServletContainer : Tomcat started on port(s): 8080 (http)
2017-10-16 19:09:46.573  INFO 26548 --- [main] cn.mageek.quiz.QuizApplication           : Started QuizApplication in 6.528 seconds (JVM running for 6.957)
2017-10-16 19:09:53.205  INFO 26548 --- [http-nio-8080-exec-1] o.a.c.c.C.[Tomcat].[localhost].[/]       : Initializing Spring FrameworkServlet 'dispatcherServlet'
2017-10-16 19:09:53.205  INFO 26548 --- [http-nio-8080-exec-1] o.s.web.servlet.DispatcherServlet        : FrameworkServlet 'dispatcherServlet': initialization started
2017-10-16 19:09:53.222  INFO 26548 --- [http-nio-8080-exec-1] o.s.web.servlet.DispatcherServlet        : FrameworkServlet 'dispatcherServlet': initialization completed in 17 ms
